{
  "RSpec": {
    "coverage": {
      "/home/fabrice/LOG210BackEnd/test/controllers/referents_controller_test.rb": [
        null,
        1,
        null,
        0,
        null,
        null,
        null,
        null,
        null,
        null
      ],
      "/home/fabrice/LOG210BackEnd/test/test_helper.rb": [
        1,
        1,
        1,
        0,
        null,
        0,
        null,
        0,
        null,
        0,
        0,
        null,
        null,
        null,
        0,
        0,
        null,
        null,
        null,
        0,
        0,
        null,
        null,
        null,
        0,
        null,
        null,
        0,
        0,
        null,
        null,
        null,
        null
      ],
      "/home/fabrice/LOG210BackEnd/config/environment.rb": [
        null,
        1,
        null,
        null,
        1
      ],
      "/home/fabrice/LOG210BackEnd/config/application.rb": [
        1,
        null,
        1,
        null,
        null,
        null,
        1,
        null,
        1,
        1,
        null,
        null,
        null,
        null,
        null,
        1,
        1,
        null,
        null,
        null
      ],
      "/home/fabrice/LOG210BackEnd/config/boot.rb": [
        1,
        null,
        1
      ],
      "/home/fabrice/LOG210BackEnd/config/environments/test.rb": [
        1,
        null,
        null,
        null,
        null,
        null,
        null,
        1,
        null,
        null,
        null,
        null,
        1,
        null,
        null,
        1,
        1,
        null,
        null,
        null,
        null,
        1,
        1,
        null,
        null,
        1,
        null,
        null,
        1,
        1,
        null,
        null,
        null,
        null,
        1,
        1,
        null,
        null,
        1,
        null,
        null,
        null,
        null
      ],
      "/home/fabrice/LOG210BackEnd/config/initializers/active_record_belongs_to_required_by_default.rb": [
        null,
        null,
        null,
        null,
        null,
        1
      ],
      "/home/fabrice/LOG210BackEnd/config/initializers/application_controller_renderer.rb": [
        null,
        null,
        null,
        null,
        null,
        null
      ],
      "/home/fabrice/LOG210BackEnd/config/initializers/assets.rb": [
        null,
        null,
        null,
        1,
        null,
        null,
        null,
        null,
        null,
        null,
        null
      ],
      "/home/fabrice/LOG210BackEnd/config/initializers/carrier_wave.rb": [
        1,
        0,
        0,
        null,
        null,
        null,
        null,
        null,
        0,
        null,
        null
      ],
      "/home/fabrice/LOG210BackEnd/config/initializers/cookies_serializer.rb": [
        null,
        null,
        null,
        null,
        1
      ],
      "/home/fabrice/LOG210BackEnd/config/initializers/filter_parameter_logging.rb": [
        null,
        null,
        null,
        1
      ],
      "/home/fabrice/LOG210BackEnd/config/initializers/inflections.rb": [
        null,
        null,
        null,
        null,
        null,
        null,
        null,
        null,
        null,
        null,
        null,
        null,
        null,
        null,
        null,
        null
      ],
      "/home/fabrice/LOG210BackEnd/config/initializers/mime_types.rb": [
        null,
        null,
        null,
        null
      ],
      "/home/fabrice/LOG210BackEnd/config/initializers/per_form_csrf_tokens.rb": [
        null,
        null,
        null,
        1
      ],
      "/home/fabrice/LOG210BackEnd/config/initializers/request_forgery_protection.rb": [
        null,
        null,
        null,
        1
      ],
      "/home/fabrice/LOG210BackEnd/config/initializers/session_store.rb": [
        null,
        null,
        1
      ],
      "/home/fabrice/LOG210BackEnd/config/initializers/ssl_options.rb": [
        null,
        null,
        null,
        1
      ],
      "/home/fabrice/LOG210BackEnd/config/initializers/to_time_preserves_timezone.rb": [
        null,
        null,
        null,
        null,
        null,
        null,
        null,
        null,
        null,
        1
      ],
      "/home/fabrice/LOG210BackEnd/config/initializers/wrap_parameters.rb": [
        null,
        null,
        null,
        null,
        null,
        null,
        1,
        0,
        null,
        null,
        null,
        null,
        null,
        null
      ],
      "/home/fabrice/LOG210BackEnd/config/routes.rb": [
        1,
        null,
        1,
        null,
        1,
        1,
        1,
        null,
        1,
        null,
        1,
        1,
        1,
        null,
        1,
        1,
        1,
        null,
        1,
        1,
        1,
        null,
        null,
        1,
        1,
        1,
        1,
        1,
        null,
        null,
        null,
        1,
        1,
        1,
        1,
        null,
        null,
        null,
        1,
        1,
        1,
        null,
        null,
        null,
        1,
        1,
        1,
        1,
        null,
        null,
        null,
        1,
        1,
        1,
        1,
        null,
        null,
        null,
        1,
        1,
        1,
        null,
        null,
        null,
        1,
        1,
        1,
        null,
        null
      ]
    },
    "timestamp": 1523471056
  },
  "MiniTest": {
    "coverage": {
      "/home/fabrice/LOG210BackEnd/app/models/application_record.rb": [
        null,
        null,
        null,
        0,
        0,
        0
      ],
      "/home/fabrice/LOG210BackEnd/app/models/relationship.rb": [
        null,
        null,
        null,
        0,
        null,
        0,
        0,
        null,
        0,
        0,
        0
      ],
      "/home/fabrice/LOG210BackEnd/app/models/organisme_referent.rb": [
        0,
        null,
        null,
        0,
        null,
        0,
        0,
        0,
        null,
        0,
        null,
        0
      ],
      "/home/fabrice/LOG210BackEnd/app/models/referent.rb": [
        0,
        null,
        0,
        null,
        0,
        0,
        0,
        0,
        0,
        0,
        0,
        null,
        0,
        null,
        0
      ],
      "/home/fabrice/LOG210BackEnd/app/models/point_of_service.rb": [
        0,
        0
      ],
      "/home/fabrice/LOG210BackEnd/app/models/micropost.rb": [
        null,
        null,
        null,
        0,
        null,
        0,
        null,
        0,
        0,
        null,
        0,
        0,
        0,
        null,
        0,
        null,
        null,
        null,
        null,
        0,
        0,
        null,
        null,
        0,
        0,
        0,
        0
      ],
      "/home/fabrice/LOG210BackEnd/app/models/organisme.rb": [
        0,
        null,
        0,
        null,
        0,
        0,
        0,
        null,
        0,
        0
      ],
      "/home/fabrice/LOG210BackEnd/app/models/user.rb": [
        null,
        null,
        null,
        0,
        null,
        0,
        0,
        0,
        0,
        0,
        0,
        null,
        0,
        0,
        null,
        0,
        null,
        0,
        0,
        0,
        0,
        0,
        null,
        0,
        0,
        null,
        null,
        null,
        null,
        null,
        0,
        0,
        null,
        null,
        0,
        0,
        null,
        null,
        null,
        null,
        0,
        0,
        0,
        null,
        null,
        null,
        null,
        0,
        0,
        0,
        0,
        null,
        null,
        null,
        null,
        0,
        null,
        null,
        0,
        0,
        null,
        null,
        null,
        null,
        0,
        0,
        null,
        null,
        0,
        0,
        null,
        null,
        null,
        null,
        0,
        0,
        0,
        null,
        null,
        0,
        0,
        null,
        null,
        null,
        null,
        0,
        null,
        null,
        0,
        0,
        null,
        null,
        null,
        null,
        0,
        0,
        null,
        null,
        0,
        0,
        null,
        null,
        null,
        null,
        0,
        null,
        null,
        0,
        0,
        null,
        null,
        null,
        null,
        0,
        0,
        null,
        null,
        0,
        0,
        0,
        null,
        null,
        null,
        0,
        null,
        null,
        0,
        0,
        null,
        null,
        null,
        null,
        0,
        0,
        0,
        null,
        null,
        null,
        null,
        0,
        0,
        null,
        null,
        0,
        0,
        null,
        null,
        null,
        null,
        0,
        0,
        0,
        null,
        null,
        null,
        null,
        0,
        0,
        0,
        null,
        null,
        null,
        null,
        0,
        null,
        null,
        0,
        0,
        null,
        0,
        null,
        null,
        null,
        null,
        0,
        0,
        0,
        null,
        null,
        null,
        null,
        0,
        0,
        0,
        0,
        0,
        null
      ],
      "/home/fabrice/LOG210BackEnd/app/models/service.rb": [
        0,
        0
      ],
      "/home/fabrice/LOG210BackEnd/app/controllers/organismes_controller.rb": [
        0,
        null,
        null,
        null,
        null,
        0,
        0,
        0,
        null,
        null,
        null,
        null,
        0,
        0,
        null,
        null,
        0,
        0,
        null,
        null,
        null,
        null,
        0,
        0,
        0,
        null,
        null,
        null,
        null,
        0,
        0,
        null,
        null,
        0,
        null,
        0,
        0,
        0,
        0,
        0,
        0,
        null,
        null,
        null,
        null,
        0,
        0,
        0,
        null,
        null,
        null,
        null,
        0,
        0,
        0,
        0,
        0,
        0,
        0,
        0,
        0,
        null,
        null,
        null,
        null,
        0,
        null,
        null,
        0,
        0,
        0,
        0,
        null,
        null,
        null,
        null,
        0,
        0,
        0,
        0
      ],
      "/home/fabrice/LOG210BackEnd/app/controllers/microposts_controller.rb": [
        null,
        null,
        null,
        0,
        null,
        0,
        0,
        null,
        null,
        null,
        null,
        0,
        0,
        null,
        null,
        0,
        null,
        null,
        0,
        0,
        0,
        0,
        0,
        0,
        0,
        null,
        null,
        null,
        null,
        0,
        0,
        null,
        null,
        0,
        0,
        0,
        null,
        0,
        null,
        null,
        null,
        null,
        0,
        0,
        0,
        null,
        null,
        null,
        null,
        0,
        0,
        0,
        0,
        0
      ],
      "/home/fabrice/LOG210BackEnd/app/controllers/password_resets_controller.rb": [
        null,
        null,
        null,
        0,
        null,
        0,
        0,
        0,
        null,
        null,
        null,
        null,
        0,
        0,
        null,
        null,
        null,
        null,
        0,
        0,
        null,
        null,
        0,
        null,
        null,
        0,
        0,
        0,
        0,
        null,
        0,
        0,
        0,
        0,
        0,
        null,
        null,
        null,
        null,
        0,
        0,
        null,
        null,
        null,
        null,
        0,
        null,
        null,
        0,
        0,
        0,
        null,
        0,
        0,
        0,
        null,
        0,
        null,
        0,
        0,
        0,
        0,
        null,
        0,
        null,
        null,
        null,
        null,
        0,
        0,
        0,
        null,
        null,
        null,
        null,
        0,
        0,
        0,
        null,
        null,
        null,
        null,
        0,
        0,
        0,
        0,
        0,
        0,
        null,
        null,
        null,
        null,
        0,
        null,
        null,
        0,
        0,
        0,
        0,
        0,
        0
      ],
      "/home/fabrice/LOG210BackEnd/app/controllers/organisme_referents_controller.rb": [
        null,
        null,
        null,
        0,
        null,
        null,
        null,
        null,
        0,
        0,
        0,
        null,
        null,
        null,
        null,
        0,
        0,
        null,
        null,
        0,
        0,
        null,
        null,
        null,
        null,
        0,
        0,
        0,
        null,
        null,
        null,
        null,
        0,
        0,
        null,
        null,
        0,
        null,
        0,
        0,
        0,
        0,
        0,
        0,
        null,
        null,
        null,
        null,
        0,
        0,
        0,
        null,
        null,
        null,
        null,
        0,
        0,
        0,
        0,
        0,
        0,
        0,
        0,
        0,
        null,
        null,
        null,
        null,
        0,
        null,
        null,
        0,
        0,
        0,
        0,
        null,
        null,
        null,
        null,
        0,
        0,
        0,
        0
      ],
      "/home/fabrice/LOG210BackEnd/app/controllers/sessions_controller.rb": [
        null,
        null,
        null,
        0,
        null,
        0,
        null,
        null,
        null,
        null,
        0,
        0,
        null,
        null,
        null,
        null,
        0,
        0,
        null,
        null,
        0,
        null,
        null,
        0,
        null,
        null,
        0,
        null,
        null,
        0,
        null,
        null,
        0,
        null,
        0,
        0,
        null,
        null,
        0,
        0,
        0,
        0,
        0,
        0,
        null,
        0,
        null,
        null,
        0,
        null,
        0,
        0,
        0,
        null,
        0,
        0,
        0,
        0,
        0,
        0,
        0,
        0,
        0,
        0,
        0,
        0,
        0,
        0,
        null,
        0,
        null,
        null,
        0,
        0,
        null,
        0,
        0,
        null,
        0,
        0,
        0,
        0,
        0,
        0,
        null,
        null,
        null,
        null,
        0,
        null,
        null,
        0,
        0,
        0,
        0
      ],
      "/home/fabrice/LOG210BackEnd/app/controllers/relationships_controller.rb": [
        null,
        null,
        null,
        0,
        null,
        0,
        null,
        null,
        null,
        null,
        0,
        0,
        null,
        null,
        0,
        0,
        0,
        0,
        0,
        0,
        null,
        null,
        null,
        null,
        0,
        0,
        null,
        null,
        0,
        0,
        0,
        0,
        0,
        0,
        0
      ],
      "/home/fabrice/LOG210BackEnd/app/controllers/users_controller.rb": [
        null,
        null,
        null,
        0,
        null,
        0,
        0,
        0,
        null,
        null,
        null,
        null,
        0,
        0,
        0,
        null,
        null,
        null,
        null,
        0,
        0,
        0,
        null,
        null,
        0,
        0,
        null,
        null,
        null,
        null,
        0,
        0,
        0,
        null,
        null,
        null,
        null,
        0,
        0,
        null,
        null,
        0,
        null,
        null,
        0,
        0,
        0,
        0,
        0,
        0,
        0,
        null,
        null,
        null,
        null,
        0,
        0,
        0,
        null,
        null,
        null,
        null,
        0,
        0,
        0,
        0,
        0,
        0,
        0,
        0,
        0,
        null,
        null,
        null,
        null,
        0,
        null,
        null,
        0,
        0,
        0,
        0,
        null,
        null,
        null,
        null,
        0,
        0,
        0,
        0,
        0,
        0,
        null,
        null,
        null,
        null,
        0,
        0,
        0,
        0,
        0,
        0,
        null,
        0,
        null,
        null,
        null,
        null,
        0,
        0,
        0,
        null,
        null,
        null,
        null,
        0,
        0,
        0,
        0,
        null,
        null,
        null,
        null,
        null,
        null,
        0,
        0,
        0,
        0,
        0
      ],
      "/home/fabrice/LOG210BackEnd/app/controllers/application_controller.rb": [
        null,
        null,
        null,
        0,
        null,
        0,
        0,
        null,
        0,
        null,
        null,
        null,
        null,
        0,
        0,
        0,
        0,
        0,
        0,
        0,
        0
      ],
      "/home/fabrice/LOG210BackEnd/app/controllers/referents_controller.rb": [
        null,
        null,
        null,
        0,
        null,
        null,
        null,
        null,
        0,
        0,
        0,
        null,
        null,
        null,
        null,
        0,
        0,
        0,
        0,
        0,
        0,
        0,
        0,
        null,
        null,
        null,
        null,
        0,
        0,
        0,
        null,
        null,
        null,
        null,
        0,
        0,
        0,
        null,
        null,
        null,
        null,
        0,
        0,
        null,
        null,
        0,
        null,
        0,
        0,
        0,
        0,
        0,
        0,
        null,
        null,
        null,
        null,
        0,
        0,
        0,
        null,
        null,
        null,
        null,
        0,
        0,
        0,
        0,
        0,
        0,
        0,
        0,
        0,
        null,
        null,
        null,
        null,
        0,
        null,
        null,
        0,
        0,
        0,
        0,
        null,
        null,
        null,
        null,
        0,
        0,
        0,
        0
      ],
      "/home/fabrice/LOG210BackEnd/app/controllers/account_activations_controller.rb": [
        null,
        null,
        null,
        0,
        null,
        null,
        null,
        null,
        0,
        null,
        null,
        0,
        null,
        null,
        0,
        0,
        0,
        null,
        null,
        0,
        0,
        0,
        null,
        null,
        0,
        0,
        0,
        0,
        0
      ],
      "/home/fabrice/LOG210BackEnd/app/controllers/static_pages_controller.rb": [
        null,
        null,
        null,
        0,
        null,
        null,
        null,
        null,
        0,
        0,
        null,
        null,
        0,
        0,
        0,
        0,
        null,
        null,
        null,
        null,
        0,
        0,
        null,
        null,
        null,
        null,
        0,
        0,
        null,
        null,
        null,
        null,
        0,
        0,
        0
      ],
      "/home/fabrice/LOG210BackEnd/app/controllers/services_controller.rb": [
        0,
        0,
        0,
        0
      ],
      "/home/fabrice/LOG210BackEnd/app/controllers/point_of_services_controller.rb": [
        0,
        0,
        0,
        0
      ],
      "/home/fabrice/LOG210BackEnd/app/channels/application_cable/connection.rb": [
        null,
        null,
        null,
        0,
        0,
        0,
        0
      ],
      "/home/fabrice/LOG210BackEnd/app/channels/application_cable/channel.rb": [
        null,
        null,
        null,
        0,
        0,
        0,
        0
      ],
      "/home/fabrice/LOG210BackEnd/app/mailers/user_mailer.rb": [
        null,
        null,
        null,
        0,
        null,
        null,
        null,
        null,
        0,
        0,
        0,
        0,
        null,
        null,
        null,
        null,
        0,
        0,
        0,
        0,
        0
      ],
      "/home/fabrice/LOG210BackEnd/app/mailers/application_mailer.rb": [
        null,
        null,
        null,
        0,
        0,
        0,
        0,
        null,
        0,
        0,
        0
      ],
      "/home/fabrice/LOG210BackEnd/app/jobs/application_job.rb": [
        null,
        null,
        null,
        0,
        0
      ],
      "/home/fabrice/LOG210BackEnd/app/uploaders/picture_uploader.rb": [
        null,
        null,
        null,
        0,
        null,
        0,
        0,
        null,
        0,
        0,
        0,
        0,
        0,
        null,
        null,
        null,
        null,
        0,
        null,
        null,
        0,
        0,
        null,
        null,
        null,
        null,
        0,
        0,
        0,
        0
      ],
      "/home/fabrice/LOG210BackEnd/app/helpers/application_helper.rb": [
        null,
        null,
        null,
        0,
        null,
        null,
        null,
        null,
        0,
        0,
        null,
        null,
        0,
        0,
        0,
        0,
        0,
        0,
        0
      ],
      "/home/fabrice/LOG210BackEnd/app/helpers/users_helper.rb": [
        null,
        null,
        null,
        0,
        0
      ],
      "/home/fabrice/LOG210BackEnd/app/helpers/static_pages_helper.rb": [
        null,
        null,
        null,
        0,
        0
      ],
      "/home/fabrice/LOG210BackEnd/app/helpers/account_activations_helper.rb": [
        null,
        null,
        null,
        0,
        0
      ],
      "/home/fabrice/LOG210BackEnd/app/helpers/organisme_referents_helper.rb": [
        null,
        null,
        null,
        0,
        0
      ],
      "/home/fabrice/LOG210BackEnd/app/helpers/point_of_services_helper.rb": [
        0,
        0
      ],
      "/home/fabrice/LOG210BackEnd/app/helpers/referents_helper.rb": [
        null,
        null,
        null,
        0,
        0
      ],
      "/home/fabrice/LOG210BackEnd/app/helpers/organismes_helper.rb": [
        null,
        null,
        null,
        0,
        0
      ],
      "/home/fabrice/LOG210BackEnd/app/helpers/relationships_helper.rb": [
        null,
        null,
        null,
        0,
        0
      ],
      "/home/fabrice/LOG210BackEnd/app/helpers/services_helper.rb": [
        0,
        0
      ],
      "/home/fabrice/LOG210BackEnd/app/helpers/password_resets_helper.rb": [
        null,
        null,
        null,
        0,
        0
      ],
      "/home/fabrice/LOG210BackEnd/app/helpers/sessions_helper.rb": [
        null,
        null,
        null,
        0,
        null,
        null,
        null,
        null,
        0,
        0,
        0,
        null,
        null,
        null,
        null,
        0,
        0,
        null,
        null,
        0,
        0,
        0,
        null,
        null,
        null,
        null,
        0,
        0,
        0,
        null,
        null,
        null,
        null,
        0,
        0,
        0,
        null,
        0,
        0,
        null,
        0,
        0,
        null,
        null,
        0,
        0,
        0,
        0,
        null,
        null,
        null,
        null,
        0,
        null,
        null,
        0,
        0,
        null,
        null,
        null,
        null,
        0,
        0,
        null,
        null,
        0,
        0,
        0,
        null,
        null,
        null,
        null,
        0,
        0,
        0,
        0,
        0,
        null,
        null,
        null,
        null,
        0,
        null,
        null,
        0,
        0,
        0,
        null,
        null,
        null,
        null,
        0,
        null,
        null,
        0,
        0,
        0
      ],
      "/home/fabrice/LOG210BackEnd/app/helpers/microposts_helper.rb": [
        null,
        null,
        null,
        0,
        0
      ]
    },
    "timestamp": 1521064526
  }
}
